[2018-03-22 18:56:04] INFO : Starting GwsWebApplication on wdMac.local with PID 2404 (/Users/wangdong/SpringSpace/emptydemo/target/classes started by wangdong in /Users/wangdong/SpringSpace/emptydemo)
[2018-03-22 18:56:04] INFO : No active profile set, falling back to default profiles: default
[2018-03-22 18:56:48] INFO : Starting GwsWebApplication on wdMac.local with PID 2429 (/Users/wangdong/SpringSpace/emptydemo/target/classes started by wangdong in /Users/wangdong/SpringSpace/emptydemo)
[2018-03-22 18:56:48] INFO : No active profile set, falling back to default profiles: default
[2018-03-22 19:49:29] INFO : Starting GwsWebApplication on wdMac.local with PID 3095 (/Users/wangdong/SpringSpace/emptydemo/target/classes started by wangdong in /Users/wangdong/SpringSpace/emptydemo)
[2018-03-22 19:49:29] INFO : No active profile set, falling back to default profiles: default
[2018-03-22 19:49:38] INFO : Started GwsWebApplication in 9.023 seconds (JVM running for 10.187)
[2018-03-22 19:50:49] INFO : Starting GwsWebApplication on wdMac.local with PID 3165 (/Users/wangdong/SpringSpace/emptydemo/target/classes started by wangdong in /Users/wangdong/SpringSpace/emptydemo)
[2018-03-22 19:50:49] INFO : No active profile set, falling back to default profiles: default
[2018-03-22 19:50:57] INFO : Started GwsWebApplication in 8.769 seconds (JVM running for 9.88)
[2018-03-22 20:16:16] INFO : Starting GwsWebApplication on wdMac.local with PID 3723 (/Users/wangdong/SpringSpace/emptydemo/target/classes started by wangdong in /Users/wangdong/SpringSpace/emptydemo)
[2018-03-22 20:16:16] INFO : No active profile set, falling back to default profiles: default
[2018-03-22 20:16:25] INFO : Started GwsWebApplication in 9.265 seconds (JVM running for 10.385)
[2018-03-23 11:53:14] INFO : Starting GwsWebApplication on wdMac.local with PID 2705 (/Users/wangdong/SpringSpace/emptydemo/target/classes started by wangdong in /Users/wangdong/SpringSpace/emptydemo)
[2018-03-23 11:53:14] INFO : No active profile set, falling back to default profiles: default
[2018-03-23 11:53:26] INFO : Started GwsWebApplication in 12.176 seconds (JVM running for 13.689)
[2018-03-23 11:54:07] INFO : Starting GwsWebApplication on wdMac.local with PID 2733 (/Users/wangdong/SpringSpace/emptydemo/target/classes started by wangdong in /Users/wangdong/SpringSpace/emptydemo)
[2018-03-23 11:54:07] INFO : No active profile set, falling back to default profiles: default
[2018-03-23 11:54:16] INFO : Started GwsWebApplication in 8.809 seconds (JVM running for 9.86)
[2018-03-23 12:16:18] INFO : Starting GwsWebApplication on wdMac.local with PID 2958 (/Users/wangdong/SpringSpace/emptydemo/target/classes started by wangdong in /Users/wangdong/SpringSpace/emptydemo)
[2018-03-23 12:16:18] INFO : No active profile set, falling back to default profiles: default
[2018-03-23 12:16:27] INFO : Started GwsWebApplication in 9.166 seconds (JVM running for 10.454)
[2018-03-23 13:33:36] INFO : Starting GwsWebApplication on wdMac.local with PID 3483 (/Users/wangdong/SpringSpace/emptydemo/target/classes started by wangdong in /Users/wangdong/SpringSpace/emptydemo)
[2018-03-23 13:33:36] INFO : No active profile set, falling back to default profiles: default
[2018-03-23 13:33:45] INFO : Started GwsWebApplication in 9.526 seconds (JVM running for 11.035)
[2018-03-23 13:35:38] INFO : Starting GwsWebApplication on wdMac.local with PID 3527 (/Users/wangdong/SpringSpace/emptydemo/target/classes started by wangdong in /Users/wangdong/SpringSpace/emptydemo)
[2018-03-23 13:35:38] INFO : No active profile set, falling back to default profiles: default
[2018-03-23 13:35:47] INFO : Started GwsWebApplication in 8.693 seconds (JVM running for 9.73)
[2018-03-23 13:38:13] INFO : routes db: [ss_0] sharding columns: [] sharding values: []
[2018-03-23 13:38:13] INFO : routes db: [DataNode(dataSourceName=ss_0, tableName=date_test)] sharding columns: [] sharding values: []
[2018-03-23 13:38:14] INFO : useTime=124ms,`sql= [select datetest0_.id as id1_0_, datetest0_.amount as amount2_0_, datetest0_.month as month3_0_, datetest0_.year as year4_0_ from date_test datetest0_ where 1=1],`params=[]
[2018-03-23 13:41:59] INFO : Starting GwsWebApplication on wdMac.local with PID 3604 (/Users/wangdong/SpringSpace/emptydemo/target/classes started by wangdong in /Users/wangdong/SpringSpace/emptydemo)
[2018-03-23 13:41:59] INFO : No active profile set, falling back to default profiles: default
[2018-03-23 13:42:08] INFO : Started GwsWebApplication in 9.45 seconds (JVM running for 10.586)
[2018-03-23 13:45:09] INFO : Starting GwsWebApplication on wdMac.local with PID 3642 (/Users/wangdong/SpringSpace/emptydemo/target/classes started by wangdong in /Users/wangdong/SpringSpace/emptydemo)
[2018-03-23 13:45:09] INFO : No active profile set, falling back to default profiles: default
[2018-03-23 13:45:20] INFO : Started GwsWebApplication in 10.953 seconds (JVM running for 12.182)
[2018-03-23 13:48:20] INFO : Starting GwsWebApplication on wdMac.local with PID 3704 (/Users/wangdong/SpringSpace/emptydemo/target/classes started by wangdong in /Users/wangdong/SpringSpace/emptydemo)
[2018-03-23 13:48:20] INFO : No active profile set, falling back to default profiles: default
[2018-03-23 13:48:29] INFO : Started GwsWebApplication in 9.477 seconds (JVM running for 10.53)
[2018-03-23 13:49:29] INFO : Starting GwsWebApplication on wdMac.local with PID 3720 (/Users/wangdong/SpringSpace/emptydemo/target/classes started by wangdong in /Users/wangdong/SpringSpace/emptydemo)
[2018-03-23 13:49:29] INFO : No active profile set, falling back to default profiles: default
[2018-03-23 13:49:38] INFO : Started GwsWebApplication in 9.315 seconds (JVM running for 10.371)
[2018-03-23 14:08:25] INFO : Starting GwsWebApplication on wdMac.local with PID 3907 (/Users/wangdong/SpringSpace/emptydemo/target/classes started by wangdong in /Users/wangdong/SpringSpace/emptydemo)
[2018-03-23 14:08:25] INFO : No active profile set, falling back to default profiles: default
[2018-03-23 14:08:36] INFO : Started GwsWebApplication in 11.294 seconds (JVM running for 12.405)
[2018-03-23 16:30:01] INFO : Starting GwsWebApplication on wdMac.local with PID 5674 (/Users/wangdong/SpringSpace/emptydemo/target/classes started by wangdong in /Users/wangdong/SpringSpace/emptydemo)
[2018-03-23 16:30:01] INFO : No active profile set, falling back to default profiles: default
[2018-03-23 16:30:11] INFO : Started GwsWebApplication in 9.375 seconds (JVM running for 10.544)
[2018-03-23 17:24:12] INFO : Starting GwsWebApplication on wdMac.local with PID 6205 (/Users/wangdong/SpringSpace/emptydemo/target/classes started by wangdong in /Users/wangdong/SpringSpace/emptydemo)
[2018-03-23 17:24:12] INFO : No active profile set, falling back to default profiles: default
[2018-03-23 17:24:23] INFO : Started GwsWebApplication in 11.252 seconds (JVM running for 13.595)
[2018-03-23 18:33:10] INFO : Starting GwsWebApplication on wdMac.local with PID 6964 (/Users/wangdong/SpringSpace/emptydemo/target/classes started by wangdong in /Users/wangdong/SpringSpace/emptydemo)
[2018-03-23 18:33:10] INFO : No active profile set, falling back to default profiles: default
[2018-03-23 18:33:21] INFO : Started GwsWebApplication in 11.364 seconds (JVM running for 13.011)
[2018-03-23 18:35:03] INFO : Starting GwsWebApplication on wdMac.local with PID 7044 (/Users/wangdong/SpringSpace/emptydemo/target/classes started by wangdong in /Users/wangdong/SpringSpace/emptydemo)
[2018-03-23 18:35:03] INFO : No active profile set, falling back to default profiles: default
[2018-03-23 18:35:13] INFO : Started GwsWebApplication in 11.24 seconds (JVM running for 12.587)
[2018-03-23 18:36:34] INFO : routes db: [ss_0] sharding columns: [] sharding values: []
[2018-03-23 18:36:34] INFO : routes db: [DataNode(dataSourceName=ss_0, tableName=date_test)] sharding columns: [] sharding values: []
[2018-03-23 18:36:34] INFO : useTime=161ms,`sql= [select datetest0_.id as id1_0_, datetest0_.amount as amount2_0_, datetest0_.month as month3_0_, datetest0_.year as year4_0_ from date_test datetest0_ where 1=1],`params=[]
[2018-03-23 18:37:36] INFO : routes db: [ss_0] sharding columns: [] sharding values: []
[2018-03-23 18:37:36] INFO : routes db: [DataNode(dataSourceName=ss_0, tableName=date_test)] sharding columns: [] sharding values: []
[2018-03-23 18:37:36] INFO : useTime=9ms,`sql= [select datetest0_.id as id1_0_, datetest0_.amount as amount2_0_, datetest0_.month as month3_0_, datetest0_.year as year4_0_ from date_test datetest0_ where 1=1],`params=[]
[2018-03-23 18:38:41] INFO : routes db: [ss_0] sharding columns: [] sharding values: []
[2018-03-23 18:38:41] INFO : routes db: [DataNode(dataSourceName=ss_0, tableName=date_test)] sharding columns: [] sharding values: []
[2018-03-23 18:38:41] INFO : useTime=12ms,`sql= [select datetest0_.id as id1_0_, datetest0_.amount as amount2_0_, datetest0_.month as month3_0_, datetest0_.year as year4_0_ from date_test datetest0_ where 1=1],`params=[]
[2018-03-23 18:39:55] INFO : routes db: [ss_0] sharding columns: [] sharding values: []
[2018-03-23 18:39:55] INFO : routes db: [DataNode(dataSourceName=ss_0, tableName=date_test)] sharding columns: [] sharding values: []
[2018-03-23 18:39:55] INFO : useTime=8ms,`sql= [select datetest0_.id as id1_0_, datetest0_.amount as amount2_0_, datetest0_.month as month3_0_, datetest0_.year as year4_0_ from date_test datetest0_ where 1=1],`params=[]
[2018-03-23 18:53:23] INFO : Starting GwsWebApplication on wdMac.local with PID 7326 (/Users/wangdong/SpringSpace/emptydemo/target/classes started by wangdong in /Users/wangdong/SpringSpace/emptydemo)
[2018-03-23 18:53:23] INFO : No active profile set, falling back to default profiles: default
[2018-03-23 18:53:32] INFO : Started GwsWebApplication in 9.562 seconds (JVM running for 10.721)
[2018-03-23 19:03:00] INFO : Starting GwsWebApplication on wdMac.local with PID 7518 (/Users/wangdong/SpringSpace/emptydemo/target/classes started by wangdong in /Users/wangdong/SpringSpace/emptydemo)
[2018-03-23 19:03:00] INFO : No active profile set, falling back to default profiles: default
[2018-03-23 19:03:08] INFO : Started GwsWebApplication in 9.018 seconds (JVM running for 10.152)
[2018-03-23 19:07:00] INFO : Starting GwsWebApplication on wdMac.local with PID 7555 (/Users/wangdong/SpringSpace/emptydemo/target/classes started by wangdong in /Users/wangdong/SpringSpace/emptydemo)
[2018-03-23 19:07:00] INFO : No active profile set, falling back to default profiles: default
[2018-03-23 19:07:09] INFO : Started GwsWebApplication in 9.561 seconds (JVM running for 10.632)
[2018-03-23 19:08:05] INFO : routes db: [ss_0] sharding columns: [] sharding values: []
[2018-03-23 19:08:05] INFO : routes db: [DataNode(dataSourceName=ss_0, tableName=date_test)] sharding columns: [] sharding values: []
[2018-03-23 19:08:05] INFO : useTime=469ms,`sql= [select datetest0_.id as id1_0_, datetest0_.amount as amount2_0_, datetest0_.month as month3_0_, datetest0_.year as year4_0_ from date_test datetest0_ where 1=1],`params=[]
[2018-03-26 10:42:32] INFO : Starting GwsWebApplication on wdMac.local with PID 1510 (/Users/wangdong/SpringSpace/emptydemo/target/classes started by wangdong in /Users/wangdong/SpringSpace/emptydemo)
[2018-03-26 10:42:32] INFO : No active profile set, falling back to default profiles: default
[2018-03-26 10:42:42] INFO : Started GwsWebApplication in 10.996 seconds (JVM running for 12.955)
[2018-03-26 10:43:37] INFO : routes db: [ss_0] sharding columns: [] sharding values: []
[2018-03-26 10:43:37] INFO : routes db: [DataNode(dataSourceName=ss_0, tableName=date_test)] sharding columns: [] sharding values: []
[2018-03-26 10:43:37] INFO : useTime=160ms,`sql= [select datetest0_.id as id1_0_, datetest0_.amount as amount2_0_, datetest0_.month as month3_0_, datetest0_.year as year4_0_ from date_test datetest0_ where 1=1],`params=[]
[2018-03-26 11:34:38] INFO : Starting GwsWebApplication on wdMac.local with PID 2048 (/Users/wangdong/SpringSpace/emptydemo/target/classes started by wangdong in /Users/wangdong/SpringSpace/emptydemo)
[2018-03-26 11:34:38] INFO : No active profile set, falling back to default profiles: default
[2018-03-26 11:34:49] INFO : Started GwsWebApplication in 11.015 seconds (JVM running for 12.213)
[2018-03-26 11:40:17] INFO : routes db: [ss_0] sharding columns: [] sharding values: []
[2018-03-26 11:40:17] INFO : routes db: [DataNode(dataSourceName=ss_0, tableName=t_cert_id_message)] sharding columns: [] sharding values: []
[2018-03-26 11:40:17] ERROR: {conn-110002, pstmt-120000} execute error. SELECT certidmess0_.id AS id1_1_, certidmess0_.access_id AS access_i2_1_, certidmess0_.cert_id AS cert_id3_1_, certidmess0_.ctime AS ctime4_1_, certidmess0_.is_delete AS is_delet5_1_ , certidmess0_.secret_key AS secret_k6_1_, certidmess0_.utime AS utime7_1_ FROM t_cert_id_message certidmess0_ WHERE 1 = 1
com.mysql.jdbc.exceptions.jdbc4.MySQLSyntaxErrorException: Table 'test.t_cert_id_message' doesn't exist
	at sun.reflect.NativeConstructorAccessorImpl.newInstance0(Native Method) ~[?:1.8.0_161]
	at sun.reflect.NativeConstructorAccessorImpl.newInstance(NativeConstructorAccessorImpl.java:62) ~[?:1.8.0_161]
	at sun.reflect.DelegatingConstructorAccessorImpl.newInstance(DelegatingConstructorAccessorImpl.java:45) ~[?:1.8.0_161]
	at java.lang.reflect.Constructor.newInstance(Constructor.java:423) ~[?:1.8.0_161]
	at com.mysql.jdbc.Util.handleNewInstance(Util.java:425) ~[mysql-connector-java-5.1.45.jar:5.1.45]
	at com.mysql.jdbc.Util.getInstance(Util.java:408) ~[mysql-connector-java-5.1.45.jar:5.1.45]
	at com.mysql.jdbc.SQLError.createSQLException(SQLError.java:944) ~[mysql-connector-java-5.1.45.jar:5.1.45]
	at com.mysql.jdbc.MysqlIO.checkErrorPacket(MysqlIO.java:3973) ~[mysql-connector-java-5.1.45.jar:5.1.45]
	at com.mysql.jdbc.MysqlIO.checkErrorPacket(MysqlIO.java:3909) ~[mysql-connector-java-5.1.45.jar:5.1.45]
	at com.mysql.jdbc.MysqlIO.sendCommand(MysqlIO.java:2527) ~[mysql-connector-java-5.1.45.jar:5.1.45]
	at com.mysql.jdbc.MysqlIO.sqlQueryDirect(MysqlIO.java:2680) ~[mysql-connector-java-5.1.45.jar:5.1.45]
	at com.mysql.jdbc.ConnectionImpl.execSQL(ConnectionImpl.java:2484) ~[mysql-connector-java-5.1.45.jar:5.1.45]
	at com.mysql.jdbc.PreparedStatement.executeInternal(PreparedStatement.java:1858) ~[mysql-connector-java-5.1.45.jar:5.1.45]
	at com.mysql.jdbc.PreparedStatement.executeQuery(PreparedStatement.java:1966) ~[mysql-connector-java-5.1.45.jar:5.1.45]
	at com.alibaba.druid.filter.FilterChainImpl.preparedStatement_executeQuery(FilterChainImpl.java:2714) ~[druid-1.0.12.jar:1.0.12]
	at com.alibaba.druid.filter.FilterEventAdapter.preparedStatement_executeQuery(FilterEventAdapter.java:465) [druid-1.0.12.jar:1.0.12]
	at com.alibaba.druid.filter.FilterChainImpl.preparedStatement_executeQuery(FilterChainImpl.java:2711) [druid-1.0.12.jar:1.0.12]
	at com.alibaba.druid.filter.FilterEventAdapter.preparedStatement_executeQuery(FilterEventAdapter.java:465) [druid-1.0.12.jar:1.0.12]
	at com.alibaba.druid.filter.FilterChainImpl.preparedStatement_executeQuery(FilterChainImpl.java:2711) [druid-1.0.12.jar:1.0.12]
	at com.alibaba.druid.proxy.jdbc.PreparedStatementProxyImpl.executeQuery(PreparedStatementProxyImpl.java:132) [druid-1.0.12.jar:1.0.12]
	at com.alibaba.druid.pool.DruidPooledPreparedStatement.executeQuery(DruidPooledPreparedStatement.java:227) [druid-1.0.12.jar:1.0.12]
	at com.gws.rdb.sharding.executor.PreparedStatementExecutor.executeQuery(PreparedStatementExecutor.java:55) [classes/:?]
	at com.gws.rdb.sharding.jdbc.ShardingPreparedStatement.executeQuery(ShardingPreparedStatement.java:99) [classes/:?]
	at org.hibernate.engine.jdbc.internal.ResultSetReturnImpl.extract(ResultSetReturnImpl.java:70) [hibernate-core-5.0.12.Final.jar:5.0.12.Final]
	at org.hibernate.loader.Loader.getResultSet(Loader.java:2117) [hibernate-core-5.0.12.Final.jar:5.0.12.Final]
	at org.hibernate.loader.Loader.executeQueryStatement(Loader.java:1900) [hibernate-core-5.0.12.Final.jar:5.0.12.Final]
	at org.hibernate.loader.Loader.executeQueryStatement(Loader.java:1876) [hibernate-core-5.0.12.Final.jar:5.0.12.Final]
	at org.hibernate.loader.Loader.doQuery(Loader.java:919) [hibernate-core-5.0.12.Final.jar:5.0.12.Final]
	at org.hibernate.loader.Loader.doQueryAndInitializeNonLazyCollections(Loader.java:336) [hibernate-core-5.0.12.Final.jar:5.0.12.Final]
	at org.hibernate.loader.Loader.doList(Loader.java:2617) [hibernate-core-5.0.12.Final.jar:5.0.12.Final]
	at org.hibernate.loader.Loader.doList(Loader.java:2600) [hibernate-core-5.0.12.Final.jar:5.0.12.Final]
	at org.hibernate.loader.Loader.listIgnoreQueryCache(Loader.java:2429) [hibernate-core-5.0.12.Final.jar:5.0.12.Final]
	at org.hibernate.loader.Loader.list(Loader.java:2424) [hibernate-core-5.0.12.Final.jar:5.0.12.Final]
	at org.hibernate.loader.hql.QueryLoader.list(QueryLoader.java:501) [hibernate-core-5.0.12.Final.jar:5.0.12.Final]
	at org.hibernate.hql.internal.ast.QueryTranslatorImpl.list(QueryTranslatorImpl.java:371) [hibernate-core-5.0.12.Final.jar:5.0.12.Final]
	at org.hibernate.engine.query.spi.HQLQueryPlan.performList(HQLQueryPlan.java:216) [hibernate-core-5.0.12.Final.jar:5.0.12.Final]
	at org.hibernate.internal.SessionImpl.list(SessionImpl.java:1326) [hibernate-core-5.0.12.Final.jar:5.0.12.Final]
	at org.hibernate.internal.QueryImpl.list(QueryImpl.java:87) [hibernate-core-5.0.12.Final.jar:5.0.12.Final]
	at org.hibernate.jpa.internal.QueryImpl.list(QueryImpl.java:606) [hibernate-entitymanager-5.0.12.Final.jar:5.0.12.Final]
	at org.hibernate.jpa.internal.QueryImpl.getResultList(QueryImpl.java:483) [hibernate-entitymanager-5.0.12.Final.jar:5.0.12.Final]
	at org.hibernate.jpa.criteria.compile.CriteriaQueryTypeQueryAdapter.getResultList(CriteriaQueryTypeQueryAdapter.java:50) [hibernate-entitymanager-5.0.12.Final.jar:5.0.12.Final]
	at org.springframework.data.jpa.repository.support.SimpleJpaRepository.findAll(SimpleJpaRepository.java:398) [spring-data-jpa-1.11.10.RELEASE.jar:?]
	at com.gws.utils.jpa.BaseSimpleJpaRepositoryEx.findAll(BaseSimpleJpaRepositoryEx.java:204) [classes/:?]
	at com.gws.utils.jpa.BaseSimpleJpaRepositoryEx.findAll(BaseSimpleJpaRepositoryEx.java:103) [classes/:?]
	at sun.reflect.NativeMethodAccessorImpl.invoke0(Native Method) ~[?:1.8.0_161]
	at sun.reflect.NativeMethodAccessorImpl.invoke(NativeMethodAccessorImpl.java:62) ~[?:1.8.0_161]
	at sun.reflect.DelegatingMethodAccessorImpl.invoke(DelegatingMethodAccessorImpl.java:43) ~[?:1.8.0_161]
	at java.lang.reflect.Method.invoke(Method.java:498) ~[?:1.8.0_161]
	at org.springframework.data.repository.core.support.RepositoryFactorySupport$QueryExecutorMethodInterceptor.executeMethodOn(RepositoryFactorySupport.java:513) [spring-data-commons-1.13.10.RELEASE.jar:?]
	at org.springframework.data.repository.core.support.RepositoryFactorySupport$QueryExecutorMethodInterceptor.doInvoke(RepositoryFactorySupport.java:498) [spring-data-commons-1.13.10.RELEASE.jar:?]
	at org.springframework.data.repository.core.support.RepositoryFactorySupport$QueryExecutorMethodInterceptor.invoke(RepositoryFactorySupport.java:475) [spring-data-commons-1.13.10.RELEASE.jar:?]
	at org.springframework.aop.framework.ReflectiveMethodInvocation.proceed(ReflectiveMethodInvocation.java:179) [spring-aop-4.3.14.RELEASE.jar:4.3.14.RELEASE]
	at org.springframework.data.projection.DefaultMethodInvokingMethodInterceptor.invoke(DefaultMethodInvokingMethodInterceptor.java:56) [spring-data-commons-1.13.10.RELEASE.jar:?]
	at org.springframework.aop.framework.ReflectiveMethodInvocation.proceed(ReflectiveMethodInvocation.java:179) [spring-aop-4.3.14.RELEASE.jar:4.3.14.RELEASE]
	at org.springframework.transaction.interceptor.TransactionInterceptor$1.proceedWithInvocation(TransactionInterceptor.java:99) [spring-tx-4.3.14.RELEASE.jar:4.3.14.RELEASE]
	at org.springframework.transaction.interceptor.TransactionAspectSupport.invokeWithinTransaction(TransactionAspectSupport.java:282) [spring-tx-4.3.14.RELEASE.jar:4.3.14.RELEASE]
	at org.springframework.transaction.interceptor.TransactionInterceptor.invoke(TransactionInterceptor.java:96) [spring-tx-4.3.14.RELEASE.jar:4.3.14.RELEASE]
	at org.springframework.aop.framework.ReflectiveMethodInvocation.proceed(ReflectiveMethodInvocation.java:179) [spring-aop-4.3.14.RELEASE.jar:4.3.14.RELEASE]
	at org.springframework.dao.support.PersistenceExceptionTranslationInterceptor.invoke(PersistenceExceptionTranslationInterceptor.java:136) [spring-tx-4.3.14.RELEASE.jar:4.3.14.RELEASE]
	at org.springframework.aop.framework.ReflectiveMethodInvocation.proceed(ReflectiveMethodInvocation.java:179) [spring-aop-4.3.14.RELEASE.jar:4.3.14.RELEASE]
	at org.springframework.data.jpa.repository.support.CrudMethodMetadataPostProcessor$CrudMethodMetadataPopulatingMethodInterceptor.invoke(CrudMethodMetadataPostProcessor.java:133) [spring-data-jpa-1.11.10.RELEASE.jar:?]
	at org.springframework.aop.framework.ReflectiveMethodInvocation.proceed(ReflectiveMethodInvocation.java:179) [spring-aop-4.3.14.RELEASE.jar:4.3.14.RELEASE]
	at org.springframework.aop.interceptor.ExposeInvocationInterceptor.invoke(ExposeInvocationInterceptor.java:92) [spring-aop-4.3.14.RELEASE.jar:4.3.14.RELEASE]
	at org.springframework.aop.framework.ReflectiveMethodInvocation.proceed(ReflectiveMethodInvocation.java:179) [spring-aop-4.3.14.RELEASE.jar:4.3.14.RELEASE]
	at org.springframework.data.repository.core.support.SurroundingTransactionDetectorMethodInterceptor.invoke(SurroundingTransactionDetectorMethodInterceptor.java:57) [spring-data-commons-1.13.10.RELEASE.jar:?]
	at org.springframework.aop.framework.ReflectiveMethodInvocation.proceed(ReflectiveMethodInvocation.java:179) [spring-aop-4.3.14.RELEASE.jar:4.3.14.RELEASE]
	at org.springframework.aop.framework.JdkDynamicAopProxy.invoke(JdkDynamicAopProxy.java:213) [spring-aop-4.3.14.RELEASE.jar:4.3.14.RELEASE]
	at com.sun.proxy.$Proxy119.findAll(Unknown Source) [?:?]
	at com.gws.services.message.impl.MessageServiceImpl.listCertIdMessage(MessageServiceImpl.java:38) [classes/:?]
	at com.gws.services.fzm.impl.TestManageServiceImpl.listCertMessage(TestManageServiceImpl.java:86) [classes/:?]
	at com.gws.controllers.api.TestController.listCertMessage(TestController.java:51) [classes/:?]
	at sun.reflect.NativeMethodAccessorImpl.invoke0(Native Method) ~[?:1.8.0_161]
	at sun.reflect.NativeMethodAccessorImpl.invoke(NativeMethodAccessorImpl.java:62) ~[?:1.8.0_161]
	at sun.reflect.DelegatingMethodAccessorImpl.invoke(DelegatingMethodAccessorImpl.java:43) ~[?:1.8.0_161]
	at java.lang.reflect.Method.invoke(Method.java:498) ~[?:1.8.0_161]
	at org.springframework.web.method.support.InvocableHandlerMethod.doInvoke(InvocableHandlerMethod.java:205) [spring-web-4.3.14.RELEASE.jar:4.3.14.RELEASE]
	at org.springframework.web.method.support.InvocableHandlerMethod.invokeForRequest(InvocableHandlerMethod.java:133) [spring-web-4.3.14.RELEASE.jar:4.3.14.RELEASE]
	at org.springframework.web.servlet.mvc.method.annotation.ServletInvocableHandlerMethod.invokeAndHandle(ServletInvocableHandlerMethod.java:97) [spring-webmvc-4.3.14.RELEASE.jar:4.3.14.RELEASE]
	at org.springframework.web.servlet.mvc.method.annotation.RequestMappingHandlerAdapter.invokeHandlerMethod(RequestMappingHandlerAdapter.java:827) [spring-webmvc-4.3.14.RELEASE.jar:4.3.14.RELEASE]
	at org.springframework.web.servlet.mvc.method.annotation.RequestMappingHandlerAdapter.handleInternal(RequestMappingHandlerAdapter.java:738) [spring-webmvc-4.3.14.RELEASE.jar:4.3.14.RELEASE]
	at org.springframework.web.servlet.mvc.method.AbstractHandlerMethodAdapter.handle(AbstractHandlerMethodAdapter.java:85) [spring-webmvc-4.3.14.RELEASE.jar:4.3.14.RELEASE]
	at org.springframework.web.servlet.DispatcherServlet.doDispatch(DispatcherServlet.java:967) [spring-webmvc-4.3.14.RELEASE.jar:4.3.14.RELEASE]
	at org.springframework.web.servlet.DispatcherServlet.doService(DispatcherServlet.java:901) [spring-webmvc-4.3.14.RELEASE.jar:4.3.14.RELEASE]
	at org.springframework.web.servlet.FrameworkServlet.processRequest(FrameworkServlet.java:970) [spring-webmvc-4.3.14.RELEASE.jar:4.3.14.RELEASE]
	at org.springframework.web.servlet.FrameworkServlet.doPost(FrameworkServlet.java:872) [spring-webmvc-4.3.14.RELEASE.jar:4.3.14.RELEASE]
	at javax.servlet.http.HttpServlet.service(HttpServlet.java:661) [tomcat-embed-core-8.5.27.jar:8.5.27]
	at org.springframework.web.servlet.FrameworkServlet.service(FrameworkServlet.java:846) [spring-webmvc-4.3.14.RELEASE.jar:4.3.14.RELEASE]
	at javax.servlet.http.HttpServlet.service(HttpServlet.java:742) [tomcat-embed-core-8.5.27.jar:8.5.27]
	at org.apache.catalina.core.ApplicationFilterChain.internalDoFilter(ApplicationFilterChain.java:231) [tomcat-embed-core-8.5.27.jar:8.5.27]
	at org.apache.catalina.core.ApplicationFilterChain.doFilter(ApplicationFilterChain.java:166) [tomcat-embed-core-8.5.27.jar:8.5.27]
	at org.apache.tomcat.websocket.server.WsFilter.doFilter(WsFilter.java:52) [tomcat-embed-websocket-8.5.27.jar:8.5.27]
	at org.apache.catalina.core.ApplicationFilterChain.internalDoFilter(ApplicationFilterChain.java:193) [tomcat-embed-core-8.5.27.jar:8.5.27]
	at org.apache.catalina.core.ApplicationFilterChain.doFilter(ApplicationFilterChain.java:166) [tomcat-embed-core-8.5.27.jar:8.5.27]
	at org.springframework.boot.web.filter.ApplicationContextHeaderFilter.doFilterInternal(ApplicationContextHeaderFilter.java:55) [spring-boot-1.5.10.RELEASE.jar:1.5.10.RELEASE]
	at org.springframework.web.filter.OncePerRequestFilter.doFilter(OncePerRequestFilter.java:107) [spring-web-4.3.14.RELEASE.jar:4.3.14.RELEASE]
	at org.apache.catalina.core.ApplicationFilterChain.internalDoFilter(ApplicationFilterChain.java:193) [tomcat-embed-core-8.5.27.jar:8.5.27]
	at org.apache.catalina.core.ApplicationFilterChain.doFilter(ApplicationFilterChain.java:166) [tomcat-embed-core-8.5.27.jar:8.5.27]
	at org.springframework.boot.actuate.trace.WebRequestTraceFilter.doFilterInternal(WebRequestTraceFilter.java:110) [spring-boot-actuator-1.5.10.RELEASE.jar:1.5.10.RELEASE]
	at org.springframework.web.filter.OncePerRequestFilter.doFilter(OncePerRequestFilter.java:107) [spring-web-4.3.14.RELEASE.jar:4.3.14.RELEASE]
	at org.apache.catalina.core.ApplicationFilterChain.internalDoFilter(ApplicationFilterChain.java:193) [tomcat-embed-core-8.5.27.jar:8.5.27]
	at org.apache.catalina.core.ApplicationFilterChain.doFilter(ApplicationFilterChain.java:166) [tomcat-embed-core-8.5.27.jar:8.5.27]
	at org.springframework.security.web.FilterChainProxy$VirtualFilterChain.doFilter(FilterChainProxy.java:317) [spring-security-web-4.2.4.RELEASE.jar:4.2.4.RELEASE]
	at org.springframework.security.web.access.ExceptionTranslationFilter.doFilter(ExceptionTranslationFilter.java:114) [spring-security-web-4.2.4.RELEASE.jar:4.2.4.RELEASE]
	at org.springframework.security.web.FilterChainProxy$VirtualFilterChain.doFilter(FilterChainProxy.java:331) [spring-security-web-4.2.4.RELEASE.jar:4.2.4.RELEASE]
	at org.springframework.security.web.session.SessionManagementFilter.doFilter(SessionManagementFilter.java:137) [spring-security-web-4.2.4.RELEASE.jar:4.2.4.RELEASE]
	at org.springframework.security.web.FilterChainProxy$VirtualFilterChain.doFilter(FilterChainProxy.java:331) [spring-security-web-4.2.4.RELEASE.jar:4.2.4.RELEASE]
	at org.springframework.security.web.authentication.AnonymousAuthenticationFilter.doFilter(AnonymousAuthenticationFilter.java:111) [spring-security-web-4.2.4.RELEASE.jar:4.2.4.RELEASE]
	at org.springframework.security.web.FilterChainProxy$VirtualFilterChain.doFilter(FilterChainProxy.java:331) [spring-security-web-4.2.4.RELEASE.jar:4.2.4.RELEASE]
	at org.springframework.security.web.servletapi.SecurityContextHolderAwareRequestFilter.doFilter(SecurityContextHolderAwareRequestFilter.java:170) [spring-security-web-4.2.4.RELEASE.jar:4.2.4.RELEASE]
	at org.springframework.security.web.FilterChainProxy$VirtualFilterChain.doFilter(FilterChainProxy.java:331) [spring-security-web-4.2.4.RELEASE.jar:4.2.4.RELEASE]
	at org.springframework.security.web.savedrequest.RequestCacheAwareFilter.doFilter(RequestCacheAwareFilter.java:63) [spring-security-web-4.2.4.RELEASE.jar:4.2.4.RELEASE]
	at org.springframework.security.web.FilterChainProxy$VirtualFilterChain.doFilter(FilterChainProxy.java:331) [spring-security-web-4.2.4.RELEASE.jar:4.2.4.RELEASE]
	at org.springframework.security.web.authentication.logout.LogoutFilter.doFilter(LogoutFilter.java:116) [spring-security-web-4.2.4.RELEASE.jar:4.2.4.RELEASE]
	at org.springframework.security.web.FilterChainProxy$VirtualFilterChain.doFilter(FilterChainProxy.java:331) [spring-security-web-4.2.4.RELEASE.jar:4.2.4.RELEASE]
	at org.springframework.security.web.header.HeaderWriterFilter.doFilterInternal(HeaderWriterFilter.java:64) [spring-security-web-4.2.4.RELEASE.jar:4.2.4.RELEASE]
	at org.springframework.web.filter.OncePerRequestFilter.doFilter(OncePerRequestFilter.java:107) [spring-web-4.3.14.RELEASE.jar:4.3.14.RELEASE]
	at org.springframework.security.web.FilterChainProxy$VirtualFilterChain.doFilter(FilterChainProxy.java:331) [spring-security-web-4.2.4.RELEASE.jar:4.2.4.RELEASE]
	at org.springframework.security.web.context.SecurityContextPersistenceFilter.doFilter(SecurityContextPersistenceFilter.java:105) [spring-security-web-4.2.4.RELEASE.jar:4.2.4.RELEASE]
	at org.springframework.security.web.FilterChainProxy$VirtualFilterChain.doFilter(FilterChainProxy.java:331) [spring-security-web-4.2.4.RELEASE.jar:4.2.4.RELEASE]
	at org.springframework.security.web.context.request.async.WebAsyncManagerIntegrationFilter.doFilterInternal(WebAsyncManagerIntegrationFilter.java:56) [spring-security-web-4.2.4.RELEASE.jar:4.2.4.RELEASE]
	at org.springframework.web.filter.OncePerRequestFilter.doFilter(OncePerRequestFilter.java:107) [spring-web-4.3.14.RELEASE.jar:4.3.14.RELEASE]
	at org.springframework.security.web.FilterChainProxy$VirtualFilterChain.doFilter(FilterChainProxy.java:331) [spring-security-web-4.2.4.RELEASE.jar:4.2.4.RELEASE]
	at org.springframework.security.web.FilterChainProxy.doFilterInternal(FilterChainProxy.java:214) [spring-security-web-4.2.4.RELEASE.jar:4.2.4.RELEASE]
	at org.springframework.security.web.FilterChainProxy.doFilter(FilterChainProxy.java:177) [spring-security-web-4.2.4.RELEASE.jar:4.2.4.RELEASE]
	at org.springframework.web.filter.DelegatingFilterProxy.invokeDelegate(DelegatingFilterProxy.java:347) [spring-web-4.3.14.RELEASE.jar:4.3.14.RELEASE]
	at org.springframework.web.filter.DelegatingFilterProxy.doFilter(DelegatingFilterProxy.java:263) [spring-web-4.3.14.RELEASE.jar:4.3.14.RELEASE]
	at org.apache.catalina.core.ApplicationFilterChain.internalDoFilter(ApplicationFilterChain.java:193) [tomcat-embed-core-8.5.27.jar:8.5.27]
	at org.apache.catalina.core.ApplicationFilterChain.doFilter(ApplicationFilterChain.java:166) [tomcat-embed-core-8.5.27.jar:8.5.27]
	at org.springframework.web.filter.RequestContextFilter.doFilterInternal(RequestContextFilter.java:99) [spring-web-4.3.14.RELEASE.jar:4.3.14.RELEASE]
	at org.springframework.web.filter.OncePerRequestFilter.doFilter(OncePerRequestFilter.java:107) [spring-web-4.3.14.RELEASE.jar:4.3.14.RELEASE]
	at org.apache.catalina.core.ApplicationFilterChain.internalDoFilter(ApplicationFilterChain.java:193) [tomcat-embed-core-8.5.27.jar:8.5.27]
	at org.apache.catalina.core.ApplicationFilterChain.doFilter(ApplicationFilterChain.java:166) [tomcat-embed-core-8.5.27.jar:8.5.27]
	at org.springframework.web.filter.HttpPutFormContentFilter.doFilterInternal(HttpPutFormContentFilter.java:108) [spring-web-4.3.14.RELEASE.jar:4.3.14.RELEASE]
	at org.springframework.web.filter.OncePerRequestFilter.doFilter(OncePerRequestFilter.java:107) [spring-web-4.3.14.RELEASE.jar:4.3.14.RELEASE]
	at org.apache.catalina.core.ApplicationFilterChain.internalDoFilter(ApplicationFilterChain.java:193) [tomcat-embed-core-8.5.27.jar:8.5.27]
	at org.apache.catalina.core.ApplicationFilterChain.doFilter(ApplicationFilterChain.java:166) [tomcat-embed-core-8.5.27.jar:8.5.27]
	at org.springframework.web.filter.HiddenHttpMethodFilter.doFilterInternal(HiddenHttpMethodFilter.java:81) [spring-web-4.3.14.RELEASE.jar:4.3.14.RELEASE]
	at org.springframework.web.filter.OncePerRequestFilter.doFilter(OncePerRequestFilter.java:107) [spring-web-4.3.14.RELEASE.jar:4.3.14.RELEASE]
	at org.apache.catalina.core.ApplicationFilterChain.internalDoFilter(ApplicationFilterChain.java:193) [tomcat-embed-core-8.5.27.jar:8.5.27]
	at org.apache.catalina.core.ApplicationFilterChain.doFilter(ApplicationFilterChain.java:166) [tomcat-embed-core-8.5.27.jar:8.5.27]
	at org.springframework.web.filter.CharacterEncodingFilter.doFilterInternal(CharacterEncodingFilter.java:197) [spring-web-4.3.14.RELEASE.jar:4.3.14.RELEASE]
	at org.springframework.web.filter.OncePerRequestFilter.doFilter(OncePerRequestFilter.java:107) [spring-web-4.3.14.RELEASE.jar:4.3.14.RELEASE]
	at org.apache.catalina.core.ApplicationFilterChain.internalDoFilter(ApplicationFilterChain.java:193) [tomcat-embed-core-8.5.27.jar:8.5.27]
	at org.apache.catalina.core.ApplicationFilterChain.doFilter(ApplicationFilterChain.java:166) [tomcat-embed-core-8.5.27.jar:8.5.27]
	at org.springframework.boot.actuate.autoconfigure.MetricsFilter.doFilterInternal(MetricsFilter.java:106) [spring-boot-actuator-1.5.10.RELEASE.jar:1.5.10.RELEASE]
	at org.springframework.web.filter.OncePerRequestFilter.doFilter(OncePerRequestFilter.java:107) [spring-web-4.3.14.RELEASE.jar:4.3.14.RELEASE]
	at org.apache.catalina.core.ApplicationFilterChain.internalDoFilter(ApplicationFilterChain.java:193) [tomcat-embed-core-8.5.27.jar:8.5.27]
	at org.apache.catalina.core.ApplicationFilterChain.doFilter(ApplicationFilterChain.java:166) [tomcat-embed-core-8.5.27.jar:8.5.27]
	at org.apache.catalina.core.StandardWrapperValve.invoke(StandardWrapperValve.java:199) [tomcat-embed-core-8.5.27.jar:8.5.27]
	at org.apache.catalina.core.StandardContextValve.invoke(StandardContextValve.java:96) [tomcat-embed-core-8.5.27.jar:8.5.27]
	at org.apache.catalina.authenticator.AuthenticatorBase.invoke(AuthenticatorBase.java:504) [tomcat-embed-core-8.5.27.jar:8.5.27]
	at org.apache.catalina.core.StandardHostValve.invoke(StandardHostValve.java:140) [tomcat-embed-core-8.5.27.jar:8.5.27]
	at org.apache.catalina.valves.ErrorReportValve.invoke(ErrorReportValve.java:81) [tomcat-embed-core-8.5.27.jar:8.5.27]
	at org.apache.catalina.core.StandardEngineValve.invoke(StandardEngineValve.java:87) [tomcat-embed-core-8.5.27.jar:8.5.27]
	at org.apache.catalina.connector.CoyoteAdapter.service(CoyoteAdapter.java:342) [tomcat-embed-core-8.5.27.jar:8.5.27]
	at org.apache.coyote.http11.Http11Processor.service(Http11Processor.java:803) [tomcat-embed-core-8.5.27.jar:8.5.27]
	at org.apache.coyote.AbstractProcessorLight.process(AbstractProcessorLight.java:66) [tomcat-embed-core-8.5.27.jar:8.5.27]
	at org.apache.coyote.AbstractProtocol$ConnectionHandler.process(AbstractProtocol.java:790) [tomcat-embed-core-8.5.27.jar:8.5.27]
	at org.apache.tomcat.util.net.NioEndpoint$SocketProcessor.doRun(NioEndpoint.java:1459) [tomcat-embed-core-8.5.27.jar:8.5.27]
	at org.apache.tomcat.util.net.SocketProcessorBase.run(SocketProcessorBase.java:49) [tomcat-embed-core-8.5.27.jar:8.5.27]
	at java.util.concurrent.ThreadPoolExecutor.runWorker(ThreadPoolExecutor.java:1149) [?:1.8.0_161]
	at java.util.concurrent.ThreadPoolExecutor$Worker.run(ThreadPoolExecutor.java:624) [?:1.8.0_161]
	at org.apache.tomcat.util.threads.TaskThread$WrappingRunnable.run(TaskThread.java:61) [tomcat-embed-core-8.5.27.jar:8.5.27]
	at java.lang.Thread.run(Thread.java:748) [?:1.8.0_161]
[2018-03-26 11:45:15] INFO : Starting GwsWebApplication on wdMac.local with PID 2285 (/Users/wangdong/SpringSpace/emptydemo/target/classes started by wangdong in /Users/wangdong/SpringSpace/emptydemo)
[2018-03-26 11:45:15] INFO : No active profile set, falling back to default profiles: default
[2018-03-26 11:45:28] INFO : Started GwsWebApplication in 14.194 seconds (JVM running for 15.44)
[2018-03-26 11:45:35] INFO : routes db: [ss_0] sharding columns: [] sharding values: []
[2018-03-26 11:45:35] INFO : routes db: [DataNode(dataSourceName=ss_0, tableName=t_cert_message)] sharding columns: [] sharding values: []
[2018-03-26 11:45:35] INFO : useTime=496ms,`sql= [select certidmess0_.id as id1_1_, certidmess0_.access_id as access_i2_1_, certidmess0_.cert_id as cert_id3_1_, certidmess0_.ctime as ctime4_1_, certidmess0_.is_delete as is_delet5_1_, certidmess0_.secret_key as secret_k6_1_, certidmess0_.utime as utime7_1_ from t_cert_message certidmess0_ where 1=1],`params=[]
[2018-03-26 11:58:55] INFO : Starting GwsWebApplication on wdMac.local with PID 2423 (/Users/wangdong/SpringSpace/emptydemo/target/classes started by wangdong in /Users/wangdong/SpringSpace/emptydemo)
[2018-03-26 11:58:55] INFO : No active profile set, falling back to default profiles: default
[2018-03-26 11:59:07] INFO : Started GwsWebApplication in 12.384 seconds (JVM running for 13.669)
[2018-03-26 12:03:31] INFO : routes db: [ss_0] sharding columns: [] sharding values: []
[2018-03-26 12:03:31] INFO : routes db: [DataNode(dataSourceName=ss_0, tableName=t_cert_message)] sharding columns: [] sharding values: []
[2018-03-26 12:03:31] INFO : useTime=579ms,`sql= [select certidmess0_.id as id1_1_, certidmess0_.access_id as access_i2_1_, certidmess0_.cert_id as cert_id3_1_, certidmess0_.ctime as ctime4_1_, certidmess0_.is_delete as is_delet5_1_, certidmess0_.secret_key as secret_k6_1_, certidmess0_.utime as utime7_1_ from t_cert_message certidmess0_ where certidmess0_.id=1002],`params=[]
[2018-03-26 12:06:15] INFO : Starting GwsWebApplication on wdMac.local with PID 2507 (/Users/wangdong/SpringSpace/emptydemo/target/classes started by wangdong in /Users/wangdong/SpringSpace/emptydemo)
[2018-03-26 12:06:15] INFO : No active profile set, falling back to default profiles: default
[2018-03-26 12:06:27] INFO : Started GwsWebApplication in 11.874 seconds (JVM running for 13.143)
